2026-05-14 08:30:57,447 [INFO] train: ============================================================
2026-05-14 08:30:57,447 [INFO] train: Method 2 — Acoustic DNN Training
2026-05-14 08:30:57,447 [INFO] train: ============================================================
2026-05-14 08:30:57,447 [INFO] train: Data dir    : c:\fyp1_fixed\data
2026-05-14 08:30:57,447 [INFO] train: Epochs      : 50
2026-05-14 08:30:57,447 [INFO] train: Augmentation: ON
2026-05-14 08:30:57,447 [INFO] train: Sources     : human_transcripts/ + human_validation_study.csv
2026-05-14 08:30:57,447 [INFO] train: 
Step 1: Building training dataset...
2026-05-14 08:30:57,447 [INFO] train: Building training dataset from all available sources...
2026-05-14 08:30:58,026 [INFO] train: Processing human transcript: bank_malay
2026-05-14 08:30:58,064 [INFO] preprocessing.audio_processor: === Preprocessing: bank_malay.wav ===
2026-05-14 08:31:00,647 [INFO] preprocessing.audio_processor: Loaded 'bank_malay.wav' | sr=24000 Hz | duration=103.89s | samples=2493383
2026-05-14 08:31:00,671 [INFO] preprocessing.audio_processor: Resampled 24000 Hz → 16000 Hz
2026-05-14 08:31:00,671 [INFO] preprocessing.audio_processor: SNR before cleaning: 1.63 dB
2026-05-14 08:31:01,411 [INFO] preprocessing.audio_processor: Noise reduction applied | noise_profile_samples=166225
2026-05-14 08:31:01,411 [INFO] preprocessing.audio_processor: Amplitude normalized | max_amplitude=0.6875 → 1.0000
2026-05-14 08:31:01,426 [INFO] preprocessing.audio_processor: SNR after cleaning:  5.15 dB | Improvement: +3.52 dB
2026-05-14 08:31:01,427 [INFO] train: Loaded audio: bank_malay (103.9s)
2026-05-14 08:31:01,833 [INFO] methods.method2_acoustic: Loading Resemblyzer VoiceEncoder (cached)...
2026-05-14 08:31:02,647 [INFO] methods.method2_acoustic: VoiceEncoder ready.
2026-05-14 08:31:11,317 [INFO] train: Processing human transcript: billing_english
2026-05-14 08:31:11,320 [INFO] preprocessing.audio_processor: === Preprocessing: billing_english.wav ===
2026-05-14 08:31:11,331 [INFO] preprocessing.audio_processor: Loaded 'billing_english.wav' | sr=24000 Hz | duration=82.73s | samples=1985543
2026-05-14 08:31:11,342 [INFO] preprocessing.audio_processor: Resampled 24000 Hz → 16000 Hz
2026-05-14 08:31:11,349 [INFO] preprocessing.audio_processor: SNR before cleaning: 0.97 dB
2026-05-14 08:31:11,996 [INFO] preprocessing.audio_processor: Noise reduction applied | noise_profile_samples=132369
2026-05-14 08:31:11,999 [INFO] preprocessing.audio_processor: Amplitude normalized | max_amplitude=0.7556 → 1.0000
2026-05-14 08:31:12,006 [INFO] preprocessing.audio_processor: SNR after cleaning:  0.72 dB | Improvement: +-0.25 dB
2026-05-14 08:31:12,007 [INFO] train: Loaded audio: billing_english (82.7s)
2026-05-14 08:31:17,192 [INFO] train: Processing human transcript: center_english
2026-05-14 08:31:17,192 [INFO] preprocessing.audio_processor: === Preprocessing: center_english.wav ===
2026-05-14 08:31:17,205 [INFO] preprocessing.audio_processor: Loaded 'center_english.wav' | sr=24000 Hz | duration=122.32s | samples=2935680
2026-05-14 08:31:17,226 [INFO] preprocessing.audio_processor: Resampled 24000 Hz → 16000 Hz
2026-05-14 08:31:17,228 [INFO] preprocessing.audio_processor: SNR before cleaning: -0.88 dB
2026-05-14 08:31:18,071 [INFO] preprocessing.audio_processor: Noise reduction applied | noise_profile_samples=195712
2026-05-14 08:31:18,087 [INFO] preprocessing.audio_processor: Amplitude normalized | max_amplitude=0.7004 → 1.0000
2026-05-14 08:31:18,093 [INFO] preprocessing.audio_processor: SNR after cleaning:  0.36 dB | Improvement: +1.24 dB
2026-05-14 08:31:18,093 [INFO] train: Loaded audio: center_english (122.3s)
2026-05-14 08:31:25,007 [INFO] train: Processing human transcript: delivery_malay
2026-05-14 08:31:25,008 [INFO] preprocessing.audio_processor: === Preprocessing: delivery_malay.wav ===
2026-05-14 08:31:25,020 [INFO] preprocessing.audio_processor: Loaded 'delivery_malay.wav' | sr=24000 Hz | duration=88.97s | samples=2135303
2026-05-14 08:31:25,036 [INFO] preprocessing.audio_processor: Resampled 24000 Hz → 16000 Hz
2026-05-14 08:31:25,039 [INFO] preprocessing.audio_processor: SNR before cleaning: 1.83 dB
2026-05-14 08:31:25,630 [INFO] preprocessing.audio_processor: Noise reduction applied | noise_profile_samples=142353
2026-05-14 08:31:25,646 [INFO] preprocessing.audio_processor: Amplitude normalized | max_amplitude=0.6599 → 1.0000
2026-05-14 08:31:25,651 [INFO] preprocessing.audio_processor: SNR after cleaning:  4.71 dB | Improvement: +2.88 dB
2026-05-14 08:31:25,651 [INFO] train: Loaded audio: delivery_malay (89.0s)
2026-05-14 08:31:31,568 [INFO] train: Processing human transcript: food_malay
2026-05-14 08:31:31,568 [INFO] preprocessing.audio_processor: === Preprocessing: food_malay.wav ===
2026-05-14 08:31:31,584 [INFO] preprocessing.audio_processor: Loaded 'food_malay.wav' | sr=24000 Hz | duration=80.69s | samples=1936583
2026-05-14 08:31:31,597 [INFO] preprocessing.audio_processor: Resampled 24000 Hz → 16000 Hz
2026-05-14 08:31:31,597 [INFO] preprocessing.audio_processor: SNR before cleaning: 0.83 dB
2026-05-14 08:31:32,208 [INFO] preprocessing.audio_processor: Noise reduction applied | noise_profile_samples=129105
2026-05-14 08:31:32,218 [INFO] preprocessing.audio_processor: Amplitude normalized | max_amplitude=0.5453 → 1.0000
2026-05-14 08:31:32,224 [INFO] preprocessing.audio_processor: SNR after cleaning:  2.77 dB | Improvement: +1.94 dB
2026-05-14 08:31:32,224 [INFO] train: Loaded audio: food_malay (80.7s)
2026-05-14 08:31:36,676 [INFO] train: Processing human transcript: insurance_english
2026-05-14 08:31:36,679 [INFO] preprocessing.audio_processor: === Preprocessing: insurance_english.wav ===
2026-05-14 08:31:36,687 [INFO] preprocessing.audio_processor: Loaded 'insurance_english.wav' | sr=24000 Hz | duration=70.13s | samples=1683143
2026-05-14 08:31:36,699 [INFO] preprocessing.audio_processor: Resampled 24000 Hz → 16000 Hz
2026-05-14 08:31:36,702 [INFO] preprocessing.audio_processor: SNR before cleaning: -0.37 dB
2026-05-14 08:31:37,106 [INFO] preprocessing.audio_processor: Noise reduction applied | noise_profile_samples=112209
2026-05-14 08:31:37,112 [INFO] preprocessing.audio_processor: Amplitude normalized | max_amplitude=0.6170 → 1.0000
2026-05-14 08:31:37,117 [INFO] preprocessing.audio_processor: SNR after cleaning:  -1.13 dB | Improvement: +-0.76 dB
2026-05-14 08:31:37,118 [INFO] train: Loaded audio: insurance_english (70.1s)
2026-05-14 08:31:42,047 [INFO] train: Processing human transcript: internet_english
2026-05-14 08:31:42,068 [INFO] preprocessing.audio_processor: === Preprocessing: internet_english.wav ===
2026-05-14 08:31:42,080 [INFO] preprocessing.audio_processor: Loaded 'internet_english.wav' | sr=24000 Hz | duration=106.17s | samples=2548103
2026-05-14 08:31:42,098 [INFO] preprocessing.audio_processor: Resampled 24000 Hz → 16000 Hz
2026-05-14 08:31:42,103 [INFO] preprocessing.audio_processor: SNR before cleaning: -0.63 dB
2026-05-14 08:31:42,704 [INFO] preprocessing.audio_processor: Noise reduction applied | noise_profile_samples=169873
2026-05-14 08:31:42,722 [INFO] preprocessing.audio_processor: Amplitude normalized | max_amplitude=0.6171 → 1.0000
2026-05-14 08:31:42,727 [INFO] preprocessing.audio_processor: SNR after cleaning:  2.23 dB | Improvement: +2.86 dB
2026-05-14 08:31:42,727 [INFO] train: Loaded audio: internet_english (106.2s)
2026-05-14 08:31:48,276 [INFO] train: Processing human transcript: sky_malay
2026-05-14 08:31:48,276 [INFO] preprocessing.audio_processor: === Preprocessing: sky_malay.wav ===
2026-05-14 08:31:48,298 [INFO] preprocessing.audio_processor: Loaded 'sky_malay.wav' | sr=24000 Hz | duration=105.64s | samples=2535360
2026-05-14 08:31:48,316 [INFO] preprocessing.audio_processor: Resampled 24000 Hz → 16000 Hz
2026-05-14 08:31:48,320 [INFO] preprocessing.audio_processor: SNR before cleaning: 0.98 dB
2026-05-14 08:31:48,937 [INFO] preprocessing.audio_processor: Noise reduction applied | noise_profile_samples=169024
2026-05-14 08:31:48,937 [INFO] preprocessing.audio_processor: Amplitude normalized | max_amplitude=0.7474 → 1.0000
2026-05-14 08:31:48,952 [INFO] preprocessing.audio_processor: SNR after cleaning:  -0.36 dB | Improvement: +-1.34 dB
2026-05-14 08:31:48,952 [INFO] train: Loaded audio: sky_malay (105.6s)
2026-05-14 08:31:55,524 [INFO] train: Human transcripts → 1638 samples (Agent=896 Customer=742)
2026-05-14 08:32:26,980 [INFO] train: Validation CSV → 606 samples (Agent=330 Customer=276)
2026-05-14 08:32:26,980 [INFO] train: =======================================================
2026-05-14 08:32:26,980 [INFO] train: TOTAL DATASET: 2244 samples
2026-05-14 08:32:26,980 [INFO] train:   Agent    (label 0): 1226
2026-05-14 08:32:26,980 [INFO] train:   Customer (label 1): 1018
2026-05-14 08:32:26,980 [INFO] train:   Feature dimension : 298
2026-05-14 08:32:26,980 [INFO] train:   Augmentation      : ON
2026-05-14 08:32:26,980 [INFO] train: =======================================================
2026-05-14 08:32:26,980 [INFO] train: 
Step 2: Training the DNN...
2026-05-14 08:32:26,980 [INFO] methods.method2_acoustic: Training acoustic DNN | samples=2244 | features=298 | epochs=50
2026-05-14 08:32:27,002 [INFO] methods.method2_acoustic: Scaler saved → c:\fyp1_fixed\models\scaler.npy
2026-05-14 08:32:27,002 [INFO] methods.method2_acoustic: Dropout rate: 0.3 (normal)
2026-05-14 08:32:27,014 [INFO] methods.method2_acoustic: Class weights — Agent: 0.915, Customer: 1.103
2026-05-14 08:32:43,140 [INFO] methods.method2_acoustic: Epoch  20/50 | train_loss=0.0571 acc=97.8% | val_loss=0.7233 val_acc=80.6%
2026-05-14 08:32:58,188 [INFO] methods.method2_acoustic: Epoch  40/50 | train_loss=0.0194 acc=99.3% | val_loss=0.8989 val_acc=84.4%
2026-05-14 08:33:05,950 [INFO] methods.method2_acoustic: Model saved → c:\fyp1_fixed\models\acoustic_model.pth
2026-05-14 08:33:05,951 [INFO] train: 
Step 3: Saving training history plot...
2026-05-14 08:33:06,416 [INFO] methods.method2_acoustic: Training history plot saved → c:\fyp1_fixed\outputs\latest\m2_training_history.png
2026-05-14 08:33:06,416 [INFO] train: 
============================================================
2026-05-14 08:33:06,416 [INFO] train: TRAINING COMPLETE
2026-05-14 08:33:06,416 [INFO] train:   Final train accuracy : 99.8%
2026-05-14 08:33:06,416 [INFO] train:   Final val accuracy   : 81.1%
2026-05-14 08:33:06,416 [INFO] train:   Final train loss     : 0.01196
2026-05-14 08:33:06,416 [INFO] train:   Model saved          : models/acoustic_model.pth
2026-05-14 08:33:06,416 [INFO] train:   Scaler saved         : models/scaler.npy
2026-05-14 08:33:06,416 [INFO] train:   Training plot        : outputs/m2_training_history.png
2026-05-14 08:33:06,421 [INFO] train: ============================================================
2026-05-14 08:33:06,421 [INFO] train: ✅ Model accuracy acceptable — ready to use in main.py
2026-05-14 08:33:06,421 [INFO] train: 
Next step: python main.py
